<?xml version="1.0" encoding="UTF-8"?>
<testsuite name="com.monkcommerce.coupon.processor.service.MonkCommerceCouponProcessingServiceImplTest" time="0.065" tests="3" errors="0" skipped="0" failures="0">
  <properties>
[...]
</properties>
  <testcase name="testCreateCoupon_whenSuccessful" classname="com.monkcommerce.coupon.processor.service.MonkCommerceCouponProcessingServiceImplTest" time="0.059"/>
  <testcase name="testCreateCoupon_whenDuplicate_thenThrowException" classname="com.monkcommerce.coupon.processor.service.MonkCommerceCouponProcessingServiceImplTest" time="0"/>
  <testcase name="testGetAllCoupons_returnsList" classname="com.monkcommerce.coupon.processor.service.MonkCommerceCouponProcessingServiceImplTest" time="0.006"/>
</testsuite>